<?xml version="1.0" encoding="UTF-8"?>
<testsuite name="com.citi.tts.obd.TaosObdMcpServerApplicationTests" tests="1" skipped="0" failures="0" errors="0" timestamp="2025-08-30T15:56:31" hostname="sakthi-Inspiron-7548" time="0.854">
  <properties/>
  <testcase name="contextLoads()" classname="com.citi.tts.obd.TaosObdMcpServerApplicationTests" time="0.854"/>
  <system-out><![CDATA[21:26:27.432 [Test worker] INFO org.springframework.test.context.support.AnnotationConfigContextLoaderUtils -- Could not detect default configuration classes for test class [com.citi.tts.obd.TaosObdMcpServerApplicationTests]: TaosObdMcpServerApplicationTests does not declare any static, non-private, non-final, nested classes annotated with @Configuration.
21:26:27.585 [Test worker] INFO org.springframework.boot.test.context.SpringBootTestContextBootstrapper -- Found @SpringBootConfiguration com.citi.tts.obd.TaosObdMcpServerApplication for test class com.citi.tts.obd.TaosObdMcpServerApplicationTests

  .   ____          _            __ _ _
 /\\ / ___'_ __ _ _(_)_ __  __ _ \ \ \ \
( ( )\___ | '_ | '_| | '_ \/ _` | \ \ \ \
 \\/  ___)| |_)| | | | | || (_| |  ) ) ) )
  '  |____| .__|_| |_|_| |_\__, | / / / /
 =========|_|==============|___/=/_/_/_/

 :: Spring Boot ::                (v3.5.5)

2025-08-30T21:26:29.426+05:30  INFO 12670 --- [taos-obd-mcp-server] [    Test worker] c.c.t.o.TaosObdMcpServerApplicationTests : Starting TaosObdMcpServerApplicationTests using Java 17.0.16 with PID 12670 (started by sakthivadivel in /home/sakthivadivel/study/gitrepo/taos-obd-mcp-server)
2025-08-30T21:26:29.429+05:30  INFO 12670 --- [taos-obd-mcp-server] [    Test worker] c.c.t.o.TaosObdMcpServerApplicationTests : No active profile set, falling back to 1 default profile: "default"
2025-08-30T21:26:31.461+05:30  INFO 12670 --- [taos-obd-mcp-server] [    Test worker] o.s.a.m.s.a.McpServerAutoConfiguration   : Enable tools capabilities, notification: true
2025-08-30T21:26:31.464+05:30  INFO 12670 --- [taos-obd-mcp-server] [    Test worker] o.s.a.m.s.a.McpServerAutoConfiguration   : Enable resources capabilities, notification: true
2025-08-30T21:26:31.466+05:30  INFO 12670 --- [taos-obd-mcp-server] [    Test worker] o.s.a.m.s.a.McpServerAutoConfiguration   : Enable prompts capabilities, notification: true
2025-08-30T21:26:31.468+05:30  INFO 12670 --- [taos-obd-mcp-server] [    Test worker] o.s.a.m.s.a.McpServerAutoConfiguration   : Enable completions capabilities
2025-08-30T21:26:31.581+05:30  INFO 12670 --- [taos-obd-mcp-server] [    Test worker] c.c.t.o.TaosObdMcpServerApplicationTests : Started TaosObdMcpServerApplicationTests in 3.766 seconds (process running for 5.21)
]]></system-out>
  <system-err><![CDATA[]]></system-err>
</testsuite>
