<?xml version="1.0" encoding="UTF-8"?>
<testsuite name="com.taos.obd.mcp.service.LaunchServiceIntegrationTest" tests="6" skipped="0" failures="0" errors="0" timestamp="2025-08-30T17:47:02.055Z" hostname="devbox" time="1.799">
  <properties/>
  <testcase name="getAllLaunches()" classname="com.taos.obd.mcp.service.LaunchServiceIntegrationTest" time="1.493"/>
  <testcase name="getPastLaunches()" classname="com.taos.obd.mcp.service.LaunchServiceIntegrationTest" time="0.047"/>
  <testcase name="searchLaunchesByMission()" classname="com.taos.obd.mcp.service.LaunchServiceIntegrationTest" time="0.076"/>
  <testcase name="getLaunchById()" classname="com.taos.obd.mcp.service.LaunchServiceIntegrationTest" time="0.036"/>
  <testcase name="getPastLaunchesDetailed()" classname="com.taos.obd.mcp.service.LaunchServiceIntegrationTest" time="0.071"/>
  <testcase name="getUpcomingLaunches()" classname="com.taos.obd.mcp.service.LaunchServiceIntegrationTest" time="0.07"/>
  <system-out><![CDATA[]]></system-out>
  <system-err><![CDATA[]]></system-err>
</testsuite>
